{"timestamp":"2025-07-13T18:22:04.094457","level":"info","event":"DAG bundles loaded: dags-folder, example_dags","logger":"airflow.dag_processing.bundles.manager.DagBundlesManager"}
{"timestamp":"2025-07-13T18:22:04.095068","level":"info","event":"Filling up the DagBag from /opt/airflow/dags/bank_etl_dag.py","logger":"airflow.models.dagbag.DagBag"}
{"timestamp":"2025-07-13T18:22:04.133735Z","level":"info","event":"Task instance is in running state","chan":"stdout","logger":"task"}
{"timestamp":"2025-07-13T18:22:04.133942Z","level":"info","event":" Previous state of the Task instance: TaskInstanceState.QUEUED","chan":"stdout","logger":"task"}
{"timestamp":"2025-07-13T18:22:04.134004Z","level":"info","event":"Current task name:extract_transform_load","chan":"stdout","logger":"task"}
{"timestamp":"2025-07-13T18:22:04.134055Z","level":"info","event":"Dag name:bank_data_etl_process","chan":"stdout","logger":"task"}
{"timestamp":"2025-07-13T18:22:04.140288","level":"info","event":"Connection Retrieved 'postgres_bank_ds'","logger":"airflow.hooks.base"}
{"timestamp":"2025-07-13T18:22:04.141336","level":"info","event":"===== Processing file /opt/airflow/dags/data/md_account_d.csv for table MD_ACCOUNT_D with encoding cp1251 =====","logger":"root"}
{"timestamp":"2025-07-13T18:22:04.150567","level":"warning","event":"/opt/airflow/dags/bank_etl_dag.py:81: UserWarning: Parsing dates in %Y-%m-%d format when dayfirst=True was specified. Pass `dayfirst=False` or specify a format to silence this warning.\n  df[col] = pd.to_datetime(df[col], dayfirst=True, errors='coerce')\n","logger":"py.warnings"}
{"timestamp":"2025-07-13T18:22:04.214747","level":"info","event":"===== Processing file /opt/airflow/dags/data/md_currency_d.csv for table MD_CURRENCY_D with encoding koi8-r =====","logger":"root"}
{"timestamp":"2025-07-13T18:22:04.219445","level":"warning","event":"/opt/airflow/dags/bank_etl_dag.py:81: UserWarning: Parsing dates in %Y-%m-%d format when dayfirst=True was specified. Pass `dayfirst=False` or specify a format to silence this warning.\n  df[col] = pd.to_datetime(df[col], dayfirst=True, errors='coerce')\n","logger":"py.warnings"}
{"timestamp":"2025-07-13T18:22:04.236175","level":"info","event":"===== Processing file /opt/airflow/dags/data/md_exchange_rate_d.csv for table MD_EXCHANGE_RATE_D with encoding cp1251 =====","logger":"root"}
{"timestamp":"2025-07-13T18:22:04.239117","level":"warning","event":"/opt/airflow/dags/bank_etl_dag.py:81: UserWarning: Parsing dates in %Y-%m-%d format when dayfirst=True was specified. Pass `dayfirst=False` or specify a format to silence this warning.\n  df[col] = pd.to_datetime(df[col], dayfirst=True, errors='coerce')\n","logger":"py.warnings"}
{"timestamp":"2025-07-13T18:22:04.253482","level":"info","event":"===== Processing file /opt/airflow/dags/data/md_ledger_account_s.csv for table MD_LEDGER_ACCOUNT_S with encoding koi8-r =====","logger":"root"}
{"timestamp":"2025-07-13T18:22:04.255560","level":"warning","event":"/opt/airflow/dags/bank_etl_dag.py:81: UserWarning: Parsing dates in %Y-%m-%d format when dayfirst=True was specified. Pass `dayfirst=False` or specify a format to silence this warning.\n  df[col] = pd.to_datetime(df[col], dayfirst=True, errors='coerce')\n","logger":"py.warnings"}
{"timestamp":"2025-07-13T18:22:04.271695","level":"info","event":"===== Processing file /opt/airflow/dags/data/ft_balance_f.csv for table FT_BALANCE_F with encoding cp1251 =====","logger":"root"}
{"timestamp":"2025-07-13T18:22:04.287337","level":"info","event":"===== Processing file /opt/airflow/dags/data/ft_posting_f.csv for table FT_POSTING_F with encoding cp1251 =====","logger":"root"}
{"timestamp":"2025-07-13T18:22:06.335608","level":"info","event":"Done. Returned value was: 34268","logger":"airflow.task.operators.airflow.providers.standard.decorators.python._PythonDecoratedOperator"}
{"timestamp":"2025-07-13T18:22:06.335955","level":"info","event":"Pushing xcom","ti":"RuntimeTaskInstance(id=UUID('01980505-c1fc-7ebf-9c09-d84689278f89'), task_id='extract_transform_load', dag_id='bank_data_etl_process', run_id='manual__2025-07-13T18:22:00.163069+00:00', try_number=1, map_index=-1, hostname='1c5147aba516', context_carrier={}, task=<Task(_PythonDecoratedOperator): extract_transform_load>, bundle_instance=LocalDagBundle(name=dags-folder), max_tries=0, start_date=datetime.datetime(2025, 7, 13, 18, 22, 3, 620071, tzinfo=TzInfo(UTC)), end_date=None, state=<TaskInstanceState.RUNNING: 'running'>, is_mapped=False, rendered_map_index=None)","logger":"task"}
{"timestamp":"2025-07-13T18:22:06.365647Z","level":"info","event":"Task instance in success state","chan":"stdout","logger":"task"}
{"timestamp":"2025-07-13T18:22:06.365846Z","level":"info","event":" Previous state of the Task instance: TaskInstanceState.RUNNING","chan":"stdout","logger":"task"}
{"timestamp":"2025-07-13T18:22:06.365910Z","level":"info","event":"Task operator:<Task(_PythonDecoratedOperator): extract_transform_load>","chan":"stdout","logger":"task"}
