{"timestamp":"2025-07-11T22:36:15.446463","level":"info","event":"DAG bundles loaded: dags-folder, example_dags","logger":"airflow.dag_processing.bundles.manager.DagBundlesManager"}
{"timestamp":"2025-07-11T22:36:15.446666","level":"info","event":"Filling up the DagBag from /opt/airflow/dags/bank_etl_dag.py","logger":"airflow.models.dagbag.DagBag"}
{"timestamp":"2025-07-11T22:36:15.470233Z","level":"info","event":"Task instance is in running state","chan":"stdout","logger":"task"}
{"timestamp":"2025-07-11T22:36:15.470376Z","level":"info","event":" Previous state of the Task instance: TaskInstanceState.QUEUED","chan":"stdout","logger":"task"}
{"timestamp":"2025-07-11T22:36:15.470451Z","level":"info","event":"Current task name:extract_transform_load","chan":"stdout","logger":"task"}
{"timestamp":"2025-07-11T22:36:15.470500Z","level":"info","event":"Dag name:bank_data_etl_process","chan":"stdout","logger":"task"}
{"timestamp":"2025-07-11T22:36:15.473382","level":"info","event":"Connection Retrieved 'postgres_bank_ds'","logger":"airflow.hooks.base"}
{"timestamp":"2025-07-11T22:36:15.473917","level":"info","event":"===== Processing file /opt/airflow/dags/data/md_account_d.csv for table MD_ACCOUNT_D with encoding cp1251 =====","logger":"root"}
{"timestamp":"2025-07-11T22:36:15.479254","level":"warning","event":"/opt/airflow/dags/bank_etl_dag.py:70: UserWarning: Parsing dates in %Y-%m-%d format when dayfirst=True was specified. Pass `dayfirst=False` or specify a format to silence this warning.\n  df[col] = pd.to_datetime(df[col], dayfirst=True, errors='coerce')\n","logger":"py.warnings"}
{"timestamp":"2025-07-11T22:36:15.512572","level":"info","event":"===== Processing file /opt/airflow/dags/data/md_currency_d.csv for table MD_CURRENCY_D with encoding koi8-r =====","logger":"root"}
{"timestamp":"2025-07-11T22:36:15.515462","level":"warning","event":"/opt/airflow/dags/bank_etl_dag.py:70: UserWarning: Parsing dates in %Y-%m-%d format when dayfirst=True was specified. Pass `dayfirst=False` or specify a format to silence this warning.\n  df[col] = pd.to_datetime(df[col], dayfirst=True, errors='coerce')\n","logger":"py.warnings"}
{"timestamp":"2025-07-11T22:36:15.526902","level":"info","event":"===== Processing file /opt/airflow/dags/data/md_exchange_rate_d.csv for table MD_EXCHANGE_RATE_D with encoding cp1251 =====","logger":"root"}
{"timestamp":"2025-07-11T22:36:15.528782","level":"warning","event":"/opt/airflow/dags/bank_etl_dag.py:70: UserWarning: Parsing dates in %Y-%m-%d format when dayfirst=True was specified. Pass `dayfirst=False` or specify a format to silence this warning.\n  df[col] = pd.to_datetime(df[col], dayfirst=True, errors='coerce')\n","logger":"py.warnings"}
{"timestamp":"2025-07-11T22:36:15.538352","level":"info","event":"===== Processing file /opt/airflow/dags/data/md_ledger_account_s.csv for table MD_LEDGER_ACCOUNT_S with encoding koi8-r =====","logger":"root"}
{"timestamp":"2025-07-11T22:36:15.539741","level":"warning","event":"/opt/airflow/dags/bank_etl_dag.py:70: UserWarning: Parsing dates in %Y-%m-%d format when dayfirst=True was specified. Pass `dayfirst=False` or specify a format to silence this warning.\n  df[col] = pd.to_datetime(df[col], dayfirst=True, errors='coerce')\n","logger":"py.warnings"}
{"timestamp":"2025-07-11T22:36:15.553548","level":"info","event":"===== Processing file /opt/airflow/dags/data/ft_balance_f.csv for table FT_BALANCE_F with encoding cp1251 =====","logger":"root"}
{"timestamp":"2025-07-11T22:36:15.590160","level":"info","event":"===== Processing file /opt/airflow/dags/data/ft_posting_f.csv for table FT_POSTING_F with encoding cp1251 =====","logger":"root"}
{"timestamp":"2025-07-11T22:36:17.470981","level":"info","event":"Done. Returned value was: 34268","logger":"airflow.task.operators.airflow.providers.standard.decorators.python._PythonDecoratedOperator"}
{"timestamp":"2025-07-11T22:36:17.471213","level":"info","event":"Pushing xcom","ti":"RuntimeTaskInstance(id=UUID('0197fba1-c90e-75dc-80ff-05731851b908'), task_id='extract_transform_load', dag_id='bank_data_etl_process', run_id='manual__2025-07-11T22:36:13.440858+00:00', try_number=1, map_index=-1, hostname='1c5147aba516', context_carrier={}, task=<Task(_PythonDecoratedOperator): extract_transform_load>, bundle_instance=LocalDagBundle(name=dags-folder), max_tries=0, start_date=datetime.datetime(2025, 7, 11, 22, 36, 15, 271695, tzinfo=TzInfo(UTC)), end_date=None, state=<TaskInstanceState.RUNNING: 'running'>, is_mapped=False, rendered_map_index=None)","logger":"task"}
{"timestamp":"2025-07-11T22:36:17.490387Z","level":"info","event":"Task instance in success state","chan":"stdout","logger":"task"}
{"timestamp":"2025-07-11T22:36:17.490544Z","level":"info","event":" Previous state of the Task instance: TaskInstanceState.RUNNING","chan":"stdout","logger":"task"}
{"timestamp":"2025-07-11T22:36:17.490649Z","level":"info","event":"Task operator:<Task(_PythonDecoratedOperator): extract_transform_load>","chan":"stdout","logger":"task"}
